<?xml version="1.0" encoding="UTF-8"?>
<testng-results ignored="0" total="2" passed="2" failed="0" skipped="0">
  <reporter-output>
  </reporter-output>
  <suite started-at="2023-10-09T14:17:15 IST" name="Default suite" finished-at="2023-10-09T14:17:37 IST" duration-ms="21029">
    <groups>
    </groups>
    <test started-at="2023-10-09T14:17:15 IST" name="Default test" finished-at="2023-10-09T14:17:37 IST" duration-ms="21029">
      <class name="swagdemo.SwagDemo">
        <test-method is-config="true" signature="precondition()[pri:0, instance:swagdemo.SwagDemo@350aac89]" started-at="2023-10-09T14:17:15 IST" name="precondition" finished-at="2023-10-09T14:17:28 IST" duration-ms="12454" status="PASS">
          <reporter-output>
          </reporter-output>
        </test-method> <!-- precondition -->
        <test-method signature="LoginCredentials()[pri:0, instance:swagdemo.SwagDemo@350aac89]" started-at="2023-10-09T14:17:28 IST" name="LoginCredentials" finished-at="2023-10-09T14:17:28 IST" duration-ms="476" status="PASS">
          <reporter-output>
          </reporter-output>
        </test-method> <!-- LoginCredentials -->
        <test-method signature="product()[pri:0, instance:swagdemo.SwagDemo@350aac89]" started-at="2023-10-09T14:17:28 IST" name="product" finished-at="2023-10-09T14:17:36 IST" duration-ms="7794" status="PASS">
          <reporter-output>
          </reporter-output>
        </test-method> <!-- product -->
        <test-method is-config="true" signature="PostCondition()[pri:0, instance:swagdemo.SwagDemo@350aac89]" started-at="2023-10-09T14:17:36 IST" name="PostCondition" finished-at="2023-10-09T14:17:37 IST" duration-ms="214" status="PASS">
          <reporter-output>
          </reporter-output>
        </test-method> <!-- PostCondition -->
      </class> <!-- swagdemo.SwagDemo -->
    </test> <!-- Default test -->
  </suite> <!-- Default suite -->
</testng-results>
